<?xml version="1.0" encoding="UTF-8"?>
<testng-results ignored="0" total="1" passed="1" failed="0" skipped="0">
  <reporter-output>
  </reporter-output>
  <suite started-at="2020-08-26T05:33:30Z" name="API Comparator Test-Suite" finished-at="2020-08-26T05:33:38Z" duration-ms="7579">
    <groups>
    </groups>
    <test started-at="2020-08-26T05:33:30Z" name="API Comparator" finished-at="2020-08-26T05:33:38Z" duration-ms="7579">
      <class name="comparator.comapreLibrary.tests.ApiComparatorFlow">
        <test-method signature="comapreFlow()[pri:0, instance:comparator.comapreLibrary.tests.ApiComparatorFlow@5c90e579]" started-at="2020-08-26T05:33:30Z" name="comapreFlow" finished-at="2020-08-26T05:33:38Z" duration-ms="7529" status="PASS">
          <reporter-output>
          </reporter-output>
        </test-method> <!-- comapreFlow -->
      </class> <!-- comparator.comapreLibrary.tests.ApiComparatorFlow -->
    </test> <!-- API Comparator -->
  </suite> <!-- API Comparator Test-Suite -->
</testng-results>
